# JRE version: OpenJDK Runtime Environment (8.0_112-b06) (build 1.8.0_112-release-b06)
# Java VM: OpenJDK 64-Bit Server VM (25.112-b06 mixed mode linux-amd64 compressed oops)
Heap:
 PSYoungGen      total 357888K, used 305307K [0x00000000e0000000, 0x00000000fa380000, 0x0000000100000000)
  eden space 331776K, 84% used [0x00000000e0000000,0x00000000f10b5040,0x00000000f4400000)
  from space 26112K, 99% used [0x00000000f8a00000,0x00000000fa371bf0,0x00000000fa380000)
  to   space 38400K, 14% used [0x00000000f5880000,0x00000000f5dcb7d8,0x00000000f7e00000)
 ParOldGen       total 155136K, used 45445K [0x00000000a0000000, 0x00000000a9780000, 0x00000000e0000000)
  object space 155136K, 29% used [0x00000000a0000000,0x00000000a2c61538,0x00000000a9780000)
 Metaspace       used 48181K, capacity 49564K, committed 49752K, reserved 1093632K
  class space    used 5743K, capacity 6150K, committed 6272K, reserved 1048576K
GC Heap History (10 events):
Event: 1734.311 GC heap after
Heap after GC invocations=17 (full 3):
 PSYoungGen      total 254464K, used 21292K [0x00000000e0000000, 0x00000000f2780000, 0x0000000100000000)
  eden space 230400K, 0% used [0x00000000e0000000,0x00000000e0000000,0x00000000ee100000)
  from space 24064K, 88% used [0x00000000efa80000,0x00000000f0f4b120,0x00000000f1200000)
  to   space 26112K, 0% used [0x00000000ee100000,0x00000000ee100000,0x00000000efa80000)
 ParOldGen       total 155136K, used 30015K [0x00000000a0000000, 0x00000000a9780000, 0x00000000e0000000)
  object space 155136K, 19% used [0x00000000a0000000,0x00000000a1d4fca8,0x00000000a9780000)
 Metaspace       used 44006K, capacity 44788K, committed 45144K, reserved 1089536K
  class space    used 5268K, capacity 5468K, committed 5504K, reserved 1048576K
}
Event: 1780.505 GC heap before
{Heap before GC invocations=18 (full 3):
 PSYoungGen      total 254464K, used 251692K [0x00000000e0000000, 0x00000000f2780000, 0x0000000100000000)
  eden space 230400K, 100% used [0x00000000e0000000,0x00000000ee100000,0x00000000ee100000)
  from space 24064K, 88% used [0x00000000efa80000,0x00000000f0f4b120,0x00000000f1200000)
  to   space 26112K, 0% used [0x00000000ee100000,0x00000000ee100000,0x00000000efa80000)
 ParOldGen       total 155136K, used 30015K [0x00000000a0000000, 0x00000000a9780000, 0x00000000e0000000)
  object space 155136K, 19% used [0x00000000a0000000,0x00000000a1d4fca8,0x00000000a9780000)
 Metaspace       used 44721K, capacity 45560K, committed 46040K, reserved 1089536K
  class space    used 5348K, capacity 5574K, committed 5632K, reserved 1048576K
Event: 1780.536 GC heap after
Heap after GC invocations=18 (full 3):
 PSYoungGen      total 256512K, used 22887K [0x00000000e0000000, 0x00000000f5700000, 0x0000000100000000)
  eden space 230400K, 0% used [0x00000000e0000000,0x00000000e0000000,0x00000000ee100000)
  from space 26112K, 87% used [0x00000000ee100000,0x00000000ef759ff8,0x00000000efa80000)
  to   space 28672K, 0% used [0x00000000f3b00000,0x00000000f3b00000,0x00000000f5700000)
 ParOldGen       total 155136K, used 30023K [0x00000000a0000000, 0x00000000a9780000, 0x00000000e0000000)
  object space 155136K, 19% used [0x00000000a0000000,0x00000000a1d51ca8,0x00000000a9780000)
 Metaspace       used 44721K, capacity 45560K, committed 46040K, reserved 1089536K
  class space    used 5348K, capacity 5574K, committed 5632K, reserved 1048576K
}
Event: 1781.199 GC heap before
{Heap before GC invocations=19 (full 3):
 PSYoungGen      total 256512K, used 240018K [0x00000000e0000000, 0x00000000f5700000, 0x0000000100000000)
  eden space 230400K, 94% used [0x00000000e0000000,0x00000000ed40ab30,0x00000000ee100000)
  from space 26112K, 87% used [0x00000000ee100000,0x00000000ef759ff8,0x00000000efa80000)
  to   space 28672K, 0% used [0x00000000f3b00000,0x00000000f3b00000,0x00000000f5700000)
 ParOldGen       total 155136K, used 30023K [0x00000000a0000000, 0x00000000a9780000, 0x00000000e0000000)
  object space 155136K, 19% used [0x00000000a0000000,0x00000000a1d51ca8,0x00000000a9780000)
 Metaspace       used 45946K, capacity 46816K, committed 47192K, reserved 1091584K
  class space    used 5505K, capacity 5750K, committed 5760K, reserved 1048576K
Event: 1781.265 GC heap after
Heap after GC invocations=19 (full 3):
 PSYoungGen      total 313344K, used 28644K [0x00000000e0000000, 0x00000000f7580000, 0x0000000100000000)
  eden space 284672K, 0% used [0x00000000e0000000,0x00000000e0000000,0x00000000f1600000)
  from space 28672K, 99% used [0x00000000f3b00000,0x00000000f56f9320,0x00000000f5700000)
  to   space 37888K, 0% used [0x00000000f1600000,0x00000000f1600000,0x00000000f3b00000)
 ParOldGen       total 155136K, used 44177K [0x00000000a0000000, 0x00000000a9780000, 0x00000000e0000000)
  object space 155136K, 28% used [0x00000000a0000000,0x00000000a2b244f8,0x00000000a9780000)
 Metaspace       used 45946K, capacity 46816K, committed 47192K, reserved 1091584K
  class space    used 5505K, capacity 5750K, committed 5760K, reserved 1048576K
}
Event: 1961.203 GC heap before
{Heap before GC invocations=20 (full 3):
 PSYoungGen      total 313344K, used 313316K [0x00000000e0000000, 0x00000000f7580000, 0x0000000100000000)
  eden space 284672K, 100% used [0x00000000e0000000,0x00000000f1600000,0x00000000f1600000)
  from space 28672K, 99% used [0x00000000f3b00000,0x00000000f56f9320,0x00000000f5700000)
  to   space 37888K, 0% used [0x00000000f1600000,0x00000000f1600000,0x00000000f3b00000)
 ParOldGen       total 155136K, used 44177K [0x00000000a0000000, 0x00000000a9780000, 0x00000000e0000000)
  object space 155136K, 28% used [0x00000000a0000000,0x00000000a2b244f8,0x00000000a9780000)
 Metaspace       used 46412K, capacity 47376K, committed 47832K, reserved 1091584K
  class space    used 5562K, capacity 5826K, committed 5888K, reserved 1048576K
Event: 1961.235 GC heap after
Heap after GC invocations=20 (full 3):
 PSYoungGen      total 322560K, used 19836K [0x00000000e0000000, 0x00000000fae00000, 0x0000000100000000)
  eden space 284672K, 0% used [0x00000000e0000000,0x00000000e0000000,0x00000000f1600000)
  from space 37888K, 52% used [0x00000000f1600000,0x00000000f295f0c0,0x00000000f3b00000)
  to   space 36864K, 0% used [0x00000000f8a00000,0x00000000f8a00000,0x00000000fae00000)
 ParOldGen       total 155136K, used 45341K [0x00000000a0000000, 0x00000000a9780000, 0x00000000e0000000)
  object space 155136K, 29% used [0x00000000a0000000,0x00000000a2c47538,0x00000000a9780000)
 Metaspace       used 46412K, capacity 47376K, committed 47832K, reserved 1091584K
  class space    used 5562K, capacity 5826K, committed 5888K, reserved 1048576K
}
Event: 1977.914 GC heap before
{Heap before GC invocations=21 (full 3):
 PSYoungGen      total 322560K, used 304508K [0x00000000e0000000, 0x00000000fae00000, 0x0000000100000000)
  eden space 284672K, 100% used [0x00000000e0000000,0x00000000f1600000,0x00000000f1600000)
  from space 37888K, 52% used [0x00000000f1600000,0x00000000f295f0c0,0x00000000f3b00000)
  to   space 36864K, 0% used [0x00000000f8a00000,0x00000000f8a00000,0x00000000fae00000)
 ParOldGen       total 155136K, used 45341K [0x00000000a0000000, 0x00000000a9780000, 0x00000000e0000000)
  object space 155136K, 29% used [0x00000000a0000000,0x00000000a2c47538,0x00000000a9780000)
 Metaspace       used 47544K, capacity 48862K, committed 49112K, reserved 1091584K
  class space    used 5684K, capacity 6045K, committed 6144K, reserved 1048576K
Event: 1977.952 GC heap after
Heap after GC invocations=21 (full 3):
 PSYoungGen      total 357888K, used 26054K [0x00000000e0000000, 0x00000000fa380000, 0x0000000100000000)
  eden space 331776K, 0% used [0x00000000e0000000,0x00000000e0000000,0x00000000f4400000)
  from space 26112K, 99% used [0x00000000f8a00000,0x00000000fa371bf0,0x00000000fa380000)
  to   space 38400K, 0% used [0x00000000f5880000,0x00000000f5880000,0x00000000f7e00000)
 ParOldGen       total 155136K, used 45437K [0x00000000a0000000, 0x00000000a9780000, 0x00000000e0000000)
  object space 155136K, 29% used [0x00000000a0000000,0x00000000a2c5f538,0x00000000a9780000)
 Metaspace       used 47544K, capacity 48862K, committed 49112K, reserved 1091584K
  class space    used 5684K, capacity 6045K, committed 6144K, reserved 1048576K
}
Event: 3605.899 GC heap before
{Heap before GC invocations=22 (full 3):
 PSYoungGen      total 357888K, used 305307K [0x00000000e0000000, 0x00000000fa380000, 0x0000000100000000)
  eden space 331776K, 84% used [0x00000000e0000000,0x00000000f10b5040,0x00000000f4400000)
  from space 26112K, 99% used [0x00000000f8a00000,0x00000000fa371bf0,0x00000000fa380000)
  to   space 38400K, 0% used [0x00000000f5880000,0x00000000f5880000,0x00000000f7e00000)
 ParOldGen       total 155136K, used 45437K [0x00000000a0000000, 0x00000000a9780000, 0x00000000e0000000)
  object space 155136K, 29% used [0x00000000a0000000,0x00000000a2c5f538,0x00000000a9780000)
 Metaspace       used 48181K, capacity 49564K, committed 49752K, reserved 1093632K
  class space    used 5743K, capacity 6150K, committed 6272K, reserved 1048576K

